{"/Users/charonyu/Documents/我的side_project/Project--ReactTailwindUI庫/twdesign/packages/react/src/atoms/button/button.tsx": {"path":"/Users/charonyu/Documents/我的side_project/Project--ReactTailwindUI庫/twdesign/packages/react/src/atoms/button/button.tsx","statementMap":{"0":{"start":{"line":7,"column":39},"end":{"line":9,"column":1}},"1":{"start":{"line":8,"column":4},"end":{"line":8,"column":35}}},"fnMap":{"0":{"name":"(anonymous_0)","decl":{"start":{"line":7,"column":39},"end":{"line":7,"column":40}},"loc":{"start":{"line":7,"column":51},"end":{"line":9,"column":1}},"line":7}},"branchMap":{},"s":{"0":1,"1":1},"f":{"0":1},"b":{},"_coverageSchema":"1a1c01bbd47fc00a2c39e90264f33305004495a9","hash":"e5914c4d18546e3d0a612ab6fec14b9031f4502a"}
,"/Users/charonyu/Documents/我的side_project/Project--ReactTailwindUI庫/twdesign/packages/react/src/atoms/button/index.ts": {"path":"/Users/charonyu/Documents/我的side_project/Project--ReactTailwindUI庫/twdesign/packages/react/src/atoms/button/index.ts","statementMap":{},"fnMap":{},"branchMap":{},"s":{},"f":{},"b":{},"_coverageSchema":"1a1c01bbd47fc00a2c39e90264f33305004495a9","hash":"33502288a955021c40d65ae6b4b3ac0c7a80a690"}
,"/Users/charonyu/Documents/我的side_project/Project--ReactTailwindUI庫/twdesign/packages/react/src/atoms/numberInput/NumberInput.tsx": {"path":"/Users/charonyu/Documents/我的side_project/Project--ReactTailwindUI庫/twdesign/packages/react/src/atoms/numberInput/NumberInput.tsx","statementMap":{"0":{"start":{"line":9,"column":48},"end":{"line":79,"column":1}},"1":{"start":{"line":16,"column":4},"end":{"line":16,"column":42}},"2":{"start":{"line":16,"column":32},"end":{"line":16,"column":40}},"3":{"start":{"line":21,"column":4},"end":{"line":21,"column":42}},"4":{"start":{"line":21,"column":32},"end":{"line":21,"column":40}},"5":{"start":{"line":24,"column":22},"end":{"line":24,"column":58}},"6":{"start":{"line":25,"column":23},"end":{"line":29,"column":3}},"7":{"start":{"line":31,"column":2},"end":{"line":78,"column":4}},"8":{"start":{"line":62,"column":32},"end":{"line":62,"column":60}},"9":{"start":{"line":64,"column":12},"end":{"line":66,"column":13}},"10":{"start":{"line":65,"column":14},"end":{"line":65,"column":37}}},"fnMap":{"0":{"name":"(anonymous_0)","decl":{"start":{"line":9,"column":48},"end":{"line":9,"column":49}},"loc":{"start":{"line":13,"column":6},"end":{"line":79,"column":1}},"line":13},"1":{"name":"handleIncrement","decl":{"start":{"line":15,"column":11},"end":{"line":15,"column":26}},"loc":{"start":{"line":15,"column":29},"end":{"line":17,"column":3}},"line":15},"2":{"name":"(anonymous_2)","decl":{"start":{"line":16,"column":14},"end":{"line":16,"column":15}},"loc":{"start":{"line":16,"column":32},"end":{"line":16,"column":40}},"line":16},"3":{"name":"handleDecrement","decl":{"start":{"line":20,"column":11},"end":{"line":20,"column":26}},"loc":{"start":{"line":20,"column":29},"end":{"line":22,"column":3}},"line":20},"4":{"name":"(anonymous_4)","decl":{"start":{"line":21,"column":14},"end":{"line":21,"column":15}},"loc":{"start":{"line":21,"column":32},"end":{"line":21,"column":40}},"line":21},"5":{"name":"(anonymous_5)","decl":{"start":{"line":61,"column":20},"end":{"line":61,"column":21}},"loc":{"start":{"line":61,"column":31},"end":{"line":67,"column":11}},"line":61}},"branchMap":{"0":{"loc":{"start":{"line":45,"column":19},"end":{"line":45,"column":59}},"type":"cond-expr","locations":[{"start":{"line":45,"column":32},"end":{"line":45,"column":47}},{"start":{"line":45,"column":50},"end":{"line":45,"column":59}}],"line":45},"1":{"loc":{"start":{"line":46,"column":17},"end":{"line":46,"column":56}},"type":"cond-expr","locations":[{"start":{"line":46,"column":30},"end":{"line":46,"column":41}},{"start":{"line":46,"column":44},"end":{"line":46,"column":56}}],"line":46},"2":{"loc":{"start":{"line":64,"column":12},"end":{"line":66,"column":13}},"type":"if","locations":[{"start":{"line":64,"column":12},"end":{"line":66,"column":13}},{"start":{},"end":{}}],"line":64},"3":{"loc":{"start":{"line":64,"column":16},"end":{"line":64,"column":76}},"type":"binary-expr","locations":[{"start":{"line":64,"column":16},"end":{"line":64,"column":35}},{"start":{"line":64,"column":39},"end":{"line":64,"column":57}},{"start":{"line":64,"column":61},"end":{"line":64,"column":76}}],"line":64},"4":{"loc":{"start":{"line":70,"column":19},"end":{"line":70,"column":61}},"type":"cond-expr","locations":[{"start":{"line":70,"column":34},"end":{"line":70,"column":49}},{"start":{"line":70,"column":52},"end":{"line":70,"column":61}}],"line":70},"5":{"loc":{"start":{"line":71,"column":17},"end":{"line":71,"column":58}},"type":"cond-expr","locations":[{"start":{"line":71,"column":32},"end":{"line":71,"column":43}},{"start":{"line":71,"column":46},"end":{"line":71,"column":58}}],"line":71}},"s":{"0":1,"1":1,"2":1,"3":2,"4":2,"5":5,"6":5,"7":5,"8":1,"9":1,"10":1},"f":{"0":5,"1":1,"2":1,"3":2,"4":2,"5":1},"b":{"0":[5,0],"1":[5,0],"2":[1,0],"3":[1,1,1],"4":[5,0],"5":[5,0]},"_coverageSchema":"1a1c01bbd47fc00a2c39e90264f33305004495a9","hash":"f4782273cc01c4f83cf9eda62af1f1486cb4d6ad"}
}
