TN:
SF:src/atoms/button/button.tsx
FN:7,(anonymous_0)
FNF:1
FNH:1
FNDA:1,(anonymous_0)
DA:7,1
DA:8,1
LF:2
LH:2
BRF:0
BRH:0
end_of_record
TN:
SF:src/atoms/button/index.ts
FNF:0
FNH:0
LF:0
LH:0
BRF:0
BRH:0
end_of_record
TN:
SF:src/atoms/numberInput/NumberInput.tsx
FN:9,(anonymous_0)
FN:15,handleIncrement
FN:16,(anonymous_2)
FN:20,handleDecrement
FN:21,(anonymous_4)
FN:61,(anonymous_5)
FNF:6
FNH:6
FNDA:5,(anonymous_0)
FNDA:1,handleIncrement
FNDA:1,(anonymous_2)
FNDA:2,handleDecrement
FNDA:2,(anonymous_4)
FNDA:1,(anonymous_5)
DA:9,1
DA:16,1
DA:21,2
DA:24,5
DA:25,5
DA:31,5
DA:62,1
DA:64,1
DA:65,1
LF:9
LH:9
BRDA:45,0,0,5
BRDA:45,0,1,0
BRDA:46,1,0,5
BRDA:46,1,1,0
BRDA:64,2,0,1
BRDA:64,2,1,0
BRDA:64,3,0,1
BRDA:64,3,1,1
BRDA:64,3,2,1
BRDA:70,4,0,5
BRDA:70,4,1,0
BRDA:71,5,0,5
BRDA:71,5,1,0
BRF:13
BRH:8
end_of_record
